[Sun 05/13/2018, 14:15:00.29]
[Sun 05/13/2018, 14:30:00.46]
[Sun 05/13/2018, 14:45:00.30]
[Sun 05/13/2018, 15:00:00.46]
[Sun 05/13/2018, 15:15:00.29]
[Sun 05/13/2018, 15:30:00.46]
[Sun 05/13/2018, 15:45:00.30]
[Sun 05/13/2018, 16:00:00.43]
[Sun 05/13/2018, 16:15:00.28]
[Sun 05/13/2018, 16:30:00.43]
[Sun 05/13/2018, 16:45:00.30]
[Sun 05/13/2018, 17:00:00.43]
[Sun 05/13/2018, 17:15:00.24]
[Sun 05/13/2018, 17:30:00.41]
[Sun 05/13/2018, 17:45:00.28]
[Sun 05/13/2018, 18:00:00.51]
[Sun 05/13/2018, 18:15:00.24]
[Sun 05/13/2018, 18:30:00.40]
[Sun 05/13/2018, 18:45:00.24]
[Sun 05/13/2018, 19:15:00.50]
[Sun 05/13/2018, 19:30:00.40]
[Sun 05/13/2018, 19:45:00.24]
[Sun 05/13/2018, 20:00:00.40]
[Sun 05/13/2018, 20:15:00.27]
[Sun 05/13/2018, 20:30:00.40]
[Sun 05/13/2018, 20:45:00.24]
[Sun 05/13/2018, 21:00:00.41]
[Sun 05/13/2018, 21:15:00.27]
[Sun 05/13/2018, 21:30:00.41]
[Sun 05/13/2018, 21:45:00.24]
[Sun 05/13/2018, 22:00:00.41]
[Sun 05/13/2018, 22:15:00.29]
[Sun 05/13/2018, 22:30:00.41]
[Sun 05/13/2018, 22:45:00.24]
[Sun 05/13/2018, 23:00:00.41]
[Sun 05/13/2018, 23:15:00.24]
[Sun 05/13/2018, 23:30:00.41]
[Sun 05/13/2018, 23:45:00.24]
[Mon 05/14/2018,  0:00:00.41]
[Mon 05/14/2018,  0:15:00.24]
[Mon 05/14/2018,  0:30:00.41]
[Mon 05/14/2018,  0:45:00.24]
[Mon 05/14/2018,  1:00:00.49]
[Mon 05/14/2018,  1:15:00.28]
[Mon 05/14/2018,  1:30:00.41]
[Mon 05/14/2018,  1:45:00.24]
[Mon 05/14/2018,  2:00:00.41]
[Mon 05/14/2018,  2:15:00.56]
[Mon 05/14/2018,  2:30:00.50]
[Mon 05/14/2018,  2:45:00.24]
[Mon 05/14/2018,  3:00:00.41]
[Mon 05/14/2018,  3:15:00.30]
[Mon 05/14/2018,  3:30:00.44]
[Mon 05/14/2018,  3:45:00.24]
[Mon 05/14/2018,  4:00:00.44]
[Mon 05/14/2018,  4:15:00.28]
[Mon 05/14/2018,  4:30:00.45]
[Mon 05/14/2018,  4:45:00.41]
[Mon 05/14/2018,  5:00:00.48]
[Mon 05/14/2018,  5:15:00.34]
[Mon 05/14/2018,  5:30:00.46]
[Mon 05/14/2018,  5:45:00.30]
[Mon 05/14/2018,  6:00:00.44]
[Mon 05/14/2018,  6:15:00.27]
[Mon 05/14/2018,  6:30:00.43]
[Mon 05/14/2018,  6:45:00.29]
[Mon 05/14/2018,  7:00:00.47]
[Mon 05/14/2018,  7:15:00.30]
[Mon 05/14/2018,  7:30:00.44]
[Mon 05/14/2018,  7:45:00.28]
[Mon 05/14/2018,  8:00:00.43]
[Mon 05/14/2018,  8:15:00.31]
[Mon 05/14/2018,  8:30:00.45]
[Mon 05/14/2018,  8:45:00.30]
[Mon 05/14/2018,  9:00:00.48]
[Mon 05/14/2018,  9:15:00.26]
[Mon 05/14/2018,  9:30:00.94]
[Mon 05/14/2018,  9:45:00.27]
[Mon 05/14/2018, 10:00:00.41]
[Mon 05/14/2018, 10:15:00.25]
[Mon 05/14/2018, 10:30:00.43]
[Mon 05/14/2018, 10:45:00.25]
[Mon 05/14/2018, 11:00:00.42]
[Mon 05/14/2018, 11:15:00.25]
[Mon 05/14/2018, 11:30:00.42]
[Mon 05/14/2018, 11:45:00.32]
[Mon 05/14/2018, 12:00:00.46]
[Mon 05/14/2018, 12:15:00.30]
[Mon 05/14/2018, 12:30:00.42]
[Mon 05/14/2018, 12:45:00.28]
[Mon 05/14/2018, 13:00:00.48]
[Mon 05/14/2018, 13:15:00.32]
[Mon 05/14/2018, 13:45:00.27]
[Mon 05/14/2018, 14:00:00.42]
[Mon 05/14/2018, 14:15:00.24]
[Mon 05/14/2018, 14:30:00.49]
[Mon 05/14/2018, 14:45:00.30]
[Mon 05/14/2018, 15:00:00.49]
[Mon 05/14/2018, 15:15:00.30]
[Mon 05/14/2018, 15:30:00.43]
[Mon 05/14/2018, 15:45:00.30]
[Mon 05/14/2018, 16:00:00.46]
[Mon 05/14/2018, 16:30:00.49]
[Mon 05/14/2018, 16:45:00.32]
[Mon 05/14/2018, 17:00:00.44]
[Mon 05/14/2018, 17:15:00.30]
[Mon 05/14/2018, 17:30:00.48]
[Mon 05/14/2018, 17:45:17.92]
[Mon 05/14/2018, 18:00:00.21]
[Mon 05/14/2018, 18:15:00.23]
[Mon 05/14/2018, 18:30:00.39]
[Mon 05/14/2018, 18:45:00.22]
[Mon 05/14/2018, 19:00:00.36]
[Mon 05/14/2018, 19:15:00.88]
[Mon 05/14/2018, 19:30:00.38]
[Mon 05/14/2018, 19:45:00.20]
[Mon 05/14/2018, 20:00:00.40]
[Mon 05/14/2018, 20:15:00.26]
[Mon 05/14/2018, 20:30:00.35]
[Mon 05/14/2018, 20:45:00.26]
[Mon 05/14/2018, 21:00:00.38]
[Mon 05/14/2018, 21:15:00.20]
[Mon 05/14/2018, 21:30:00.37]
[Mon 05/14/2018, 21:45:00.26]
[Mon 05/14/2018, 22:00:00.36]
[Mon 05/14/2018, 22:15:00.24]
[Mon 05/14/2018, 22:30:00.37]
[Mon 05/14/2018, 22:45:00.22]
[Mon 05/14/2018, 23:00:00.37]
[Mon 05/14/2018, 23:15:00.25]
[Mon 05/14/2018, 23:30:00.40]
[Mon 05/14/2018, 23:45:00.26]
[Tue 05/15/2018,  0:00:00.40]
[Tue 05/15/2018,  0:15:00.23]
[Tue 05/15/2018,  0:30:00.37]
[Tue 05/15/2018,  0:45:00.27]
[Tue 05/15/2018,  1:00:00.38]
[Tue 05/15/2018,  1:15:00.27]
[Tue 05/15/2018,  1:30:00.38]
[Tue 05/15/2018,  1:45:00.27]
[Tue 05/15/2018,  2:00:00.34]
[Tue 05/15/2018,  2:15:00.25]
[Tue 05/15/2018,  2:30:00.36]
[Tue 05/15/2018,  2:45:00.25]
[Tue 05/15/2018,  3:00:00.40]
[Tue 05/15/2018,  3:15:00.28]
[Tue 05/15/2018,  3:30:00.39]
[Tue 05/15/2018,  3:45:00.25]
[Tue 05/15/2018,  4:00:00.40]
[Tue 05/15/2018,  4:30:00.39]
[Tue 05/15/2018,  4:45:00.21]
[Tue 05/15/2018,  5:00:00.37]
[Tue 05/15/2018,  5:15:00.21]
[Tue 05/15/2018,  5:30:00.34]
[Tue 05/15/2018,  5:45:00.24]
[Tue 05/15/2018,  6:00:00.36]
[Tue 05/15/2018,  6:15:00.20]
[Tue 05/15/2018,  6:30:00.39]
[Tue 05/15/2018,  6:45:00.20]
[Tue 05/15/2018,  7:00:00.38]
[Tue 05/15/2018,  7:15:00.22]
[Tue 05/15/2018,  7:30:00.36]
[Tue 05/15/2018,  7:45:00.21]
[Tue 05/15/2018,  8:00:00.38]
[Tue 05/15/2018,  8:15:00.21]
[Tue 05/15/2018,  8:30:00.34]
[Tue 05/15/2018,  8:45:00.24]
[Tue 05/15/2018,  9:00:00.36]
[Tue 05/15/2018,  9:15:00.19]
[Tue 05/15/2018,  9:30:00.34]
[Tue 05/15/2018,  9:45:00.19]
[Tue 05/15/2018, 10:00:00.47]
[Tue 05/15/2018, 10:15:00.18]
[Tue 05/15/2018, 10:30:00.33]
[Tue 05/15/2018, 10:45:00.18]
[Tue 05/15/2018, 11:00:00.33]
[Tue 05/15/2018, 11:15:00.19]
[Tue 05/15/2018, 11:30:00.33]
[Tue 05/15/2018, 11:45:00.18]
[Tue 05/15/2018, 12:00:00.33]
[Tue 05/15/2018, 12:15:00.19]
[Tue 05/15/2018, 12:30:00.33]
[Tue 05/15/2018, 12:45:00.18]
[Tue 05/15/2018, 13:00:00.33]
[Tue 05/15/2018, 13:15:00.19]
[Tue 05/15/2018, 13:30:00.33]
[Tue 05/15/2018, 13:45:00.19]
[Tue 05/15/2018, 14:00:00.33]
[Tue 05/15/2018, 14:15:00.19]
[Tue 05/15/2018, 14:30:00.33]
[Tue 05/15/2018, 14:45:00.19]
[Tue 05/15/2018, 15:00:00.33]
[Tue 05/15/2018, 15:15:00.18]
[Tue 05/15/2018, 15:30:00.33]
[Tue 05/15/2018, 15:45:00.32]
[Tue 05/15/2018, 16:00:00.33]
[Tue 05/15/2018, 16:15:00.19]
[Tue 05/15/2018, 16:30:00.33]
[Tue 05/15/2018, 16:45:00.19]
[Tue 05/15/2018, 17:00:00.33]
[Tue 05/15/2018, 17:15:00.19]
[Tue 05/15/2018, 17:30:00.33]
[Tue 05/15/2018, 17:45:00.19]
[Tue 05/15/2018, 18:00:00.39]
[Tue 05/15/2018, 18:15:00.19]
[Tue 05/15/2018, 18:30:00.45]
[Tue 05/15/2018, 18:45:00.25]
[Tue 05/15/2018, 19:00:00.40]
[Tue 05/15/2018, 19:15:00.21]
[Tue 05/15/2018, 19:30:00.37]
[Tue 05/15/2018, 19:45:00.23]
[Tue 05/15/2018, 20:00:00.41]
[Tue 05/15/2018, 20:15:00.21]
[Tue 05/15/2018, 20:30:00.40]
[Tue 05/15/2018, 20:45:00.23]
[Tue 05/15/2018, 21:00:00.35]
[Tue 05/15/2018, 21:15:00.19]
[Tue 05/15/2018, 21:30:00.37]
[Tue 05/15/2018, 21:45:00.23]
[Tue 05/15/2018, 22:00:00.58]
[Tue 05/15/2018, 22:15:00.24]
[Tue 05/15/2018, 22:30:00.38]
[Tue 05/15/2018, 22:45:00.23]
[Tue 05/15/2018, 23:00:00.36]
[Tue 05/15/2018, 23:15:00.22]
[Tue 05/15/2018, 23:30:00.38]
[Tue 05/15/2018, 23:45:00.23]
[Wed 05/16/2018,  0:00:00.35]
[Wed 05/16/2018,  0:15:00.25]
[Wed 05/16/2018,  0:30:00.36]
[Wed 05/16/2018,  0:45:00.27]
[Wed 05/16/2018,  1:00:00.34]
[Wed 05/16/2018,  1:15:00.20]
[Wed 05/16/2018,  1:30:00.36]
[Wed 05/16/2018,  1:45:00.23]
[Wed 05/16/2018,  2:00:00.38]
[Wed 05/16/2018,  2:15:00.24]
[Wed 05/16/2018,  2:30:00.37]
[Wed 05/16/2018,  2:45:00.24]
[Wed 05/16/2018,  3:00:00.38]
[Wed 05/16/2018,  3:15:00.23]
[Wed 05/16/2018,  3:30:00.45]
[Wed 05/16/2018,  4:00:00.35]
[Wed 05/16/2018,  4:15:00.19]
[Wed 05/16/2018,  4:30:00.35]
[Wed 05/16/2018,  4:45:00.21]
[Wed 05/16/2018,  5:00:00.39]
[Wed 05/16/2018,  5:15:00.21]
[Wed 05/16/2018,  5:30:00.37]
[Wed 05/16/2018,  5:45:00.21]
[Wed 05/16/2018,  6:00:00.57]
[Wed 05/16/2018,  6:15:00.22]
[Wed 05/16/2018,  6:30:00.35]
[Wed 05/16/2018,  6:45:00.21]
[Wed 05/16/2018,  7:00:00.40]
[Wed 05/16/2018,  7:15:00.20]
[Wed 05/16/2018,  7:30:00.35]
[Wed 05/16/2018,  7:45:00.21]
[Wed 05/16/2018,  8:00:00.42]
[Wed 05/16/2018,  8:15:00.20]
[Wed 05/16/2018,  8:30:00.37]
[Wed 05/16/2018,  8:45:00.21]
[Wed 05/16/2018,  9:00:00.35]
[Wed 05/16/2018,  9:15:00.20]
[Wed 05/16/2018,  9:30:00.34]
[Wed 05/16/2018,  9:45:00.22]
[Wed 05/16/2018, 10:00:00.34]
[Wed 05/16/2018, 10:15:00.20]
[Wed 05/16/2018, 10:30:00.34]
[Wed 05/16/2018, 10:45:00.21]
[Wed 05/16/2018, 11:00:00.34]
[Wed 05/16/2018, 11:15:00.20]
[Wed 05/16/2018, 11:30:00.34]
[Wed 05/16/2018, 11:45:00.22]
[Wed 05/16/2018, 12:00:00.34]
[Wed 05/16/2018, 12:15:00.20]
[Wed 05/16/2018, 12:30:00.34]
[Wed 05/16/2018, 12:45:00.20]
[Wed 05/16/2018, 13:00:00.34]
[Wed 05/16/2018, 13:15:00.20]
[Wed 05/16/2018, 13:30:00.34]
[Wed 05/16/2018, 13:45:00.20]
[Wed 05/16/2018, 14:00:00.37]
[Wed 05/16/2018, 14:15:00.20]
[Wed 05/16/2018, 14:30:00.34]
[Wed 05/16/2018, 14:45:00.20]
[Wed 05/16/2018, 15:00:00.35]
[Wed 05/16/2018, 15:15:00.20]
[Wed 05/16/2018, 15:30:00.34]
[Wed 05/16/2018, 15:45:00.20]
[Wed 05/16/2018, 16:00:00.35]
[Wed 05/16/2018, 16:30:00.35]
[Wed 05/16/2018, 16:45:00.20]
[Wed 05/16/2018, 17:00:00.35]
[Wed 05/16/2018, 17:15:00.20]
[Wed 05/16/2018, 17:30:00.40]
[Wed 05/16/2018, 17:45:00.22]
[Wed 05/16/2018, 18:00:00.36]
[Wed 05/16/2018, 18:15:00.24]
[Wed 05/16/2018, 18:30:00.41]
[Wed 05/16/2018, 18:45:00.22]
[Wed 05/16/2018, 19:00:00.41]
[Wed 05/16/2018, 19:15:00.24]
[Wed 05/16/2018, 19:30:00.40]
[Wed 05/16/2018, 19:45:00.21]
[Wed 05/16/2018, 20:00:00.37]
[Wed 05/16/2018, 20:15:00.34]
[Wed 05/16/2018, 20:30:00.37]
[Wed 05/16/2018, 20:45:00.24]
[Wed 05/16/2018, 21:00:00.37]
[Wed 05/16/2018, 21:15:00.23]
[Wed 05/16/2018, 21:30:00.38]
[Wed 05/16/2018, 21:45:00.54]
[Wed 05/16/2018, 22:00:00.37]
[Wed 05/16/2018, 22:15:00.22]
[Wed 05/16/2018, 22:30:00.40]
[Wed 05/16/2018, 22:45:01.06]
[Wed 05/16/2018, 23:00:00.50]
[Wed 05/16/2018, 23:15:00.23]
[Wed 05/16/2018, 23:30:00.39]
[Wed 05/16/2018, 23:45:00.24]
[Thu 05/17/2018,  0:00:00.39]
[Thu 05/17/2018,  0:15:00.23]
[Thu 05/17/2018,  0:30:00.38]
[Thu 05/17/2018,  0:45:00.26]
[Thu 05/17/2018,  1:00:00.41]
[Thu 05/17/2018,  1:15:00.23]
[Thu 05/17/2018,  1:30:00.40]
[Thu 05/17/2018,  1:45:00.25]
[Thu 05/17/2018,  2:15:00.30]
[Thu 05/17/2018,  2:30:00.40]
[Thu 05/17/2018,  2:45:00.26]
[Thu 05/17/2018,  3:00:00.47]
[Thu 05/17/2018,  3:15:00.26]
[Thu 05/17/2018,  3:30:00.47]
[Thu 05/17/2018,  3:45:00.23]
[Thu 05/17/2018,  4:00:00.41]
[Thu 05/17/2018,  4:15:00.23]
[Thu 05/17/2018,  4:30:00.38]
[Thu 05/17/2018,  4:45:00.26]
[Thu 05/17/2018,  5:00:00.64]
[Thu 05/17/2018,  5:15:05.91]
[Thu 05/17/2018,  5:30:06.63]
[Thu 05/17/2018,  5:45:08.93]
[Thu 05/17/2018,  6:00:00.63]
[Thu 05/17/2018,  6:15:00.34]
[Thu 05/17/2018,  6:30:00.37]
[Thu 05/17/2018,  6:45:00.25]
[Thu 05/17/2018,  7:00:00.39]
[Thu 05/17/2018,  7:15:00.25]
[Thu 05/17/2018,  7:30:00.40]
[Thu 05/17/2018,  7:45:00.24]
[Thu 05/17/2018,  8:00:00.39]
[Thu 05/17/2018,  8:15:00.17]
[Thu 05/17/2018,  8:30:00.38]
[Thu 05/17/2018,  8:45:00.24]
[Thu 05/17/2018,  9:00:00.39]
[Thu 05/17/2018,  9:15:00.20]
[Thu 05/17/2018,  9:30:00.37]
[Thu 05/17/2018,  9:45:00.26]
[Thu 05/17/2018, 10:00:00.38]
[Thu 05/17/2018, 10:30:00.40]
[Thu 05/17/2018, 10:45:00.26]
[Thu 05/17/2018, 11:00:00.38]
[Thu 05/17/2018, 11:15:00.21]
[Thu 05/17/2018, 11:30:00.37]
[Thu 05/17/2018, 11:45:00.23]
[Thu 05/17/2018, 12:00:00.38]
[Thu 05/17/2018, 12:15:00.21]
[Thu 05/17/2018, 12:30:00.38]
[Thu 05/17/2018, 12:45:00.23]
[Thu 05/17/2018, 13:00:00.34]
[Thu 05/17/2018, 13:15:00.24]
[Thu 05/17/2018, 13:30:00.38]
[Thu 05/17/2018, 13:45:00.24]
[Thu 05/17/2018, 14:00:00.34]
[Thu 05/17/2018, 14:15:00.22]
[Thu 05/17/2018, 14:30:00.38]
[Thu 05/17/2018, 14:45:00.24]
[Thu 05/17/2018, 15:00:00.40]
[Thu 05/17/2018, 15:15:00.28]
[Thu 05/17/2018, 15:30:00.39]
[Thu 05/17/2018, 15:45:00.27]
[Thu 05/17/2018, 16:00:00.40]
[Thu 05/17/2018, 16:15:00.27]
[Thu 05/17/2018, 16:30:00.38]
[Thu 05/17/2018, 16:45:00.27]
[Thu 05/17/2018, 17:00:00.38]
[Thu 05/17/2018, 17:15:00.27]
[Thu 05/17/2018, 17:30:00.38]
[Thu 05/17/2018, 17:45:00.27]
[Thu 05/17/2018, 18:00:00.33]
[Thu 05/17/2018, 18:15:00.24]
[Thu 05/17/2018, 18:30:00.36]
[Thu 05/17/2018, 18:45:00.24]
[Thu 05/17/2018, 19:00:00.38]
[Thu 05/17/2018, 19:15:00.22]
[Thu 05/17/2018, 19:30:00.38]
[Thu 05/17/2018, 19:45:00.24]
[Thu 05/17/2018, 20:00:00.35]
[Thu 05/17/2018, 20:15:00.28]
[Thu 05/17/2018, 20:30:00.37]
[Thu 05/17/2018, 20:45:00.18]
[Thu 05/17/2018, 21:00:00.38]
[Thu 05/17/2018, 21:15:00.27]
[Thu 05/17/2018, 21:30:00.33]
[Thu 05/17/2018, 21:45:00.25]
[Thu 05/17/2018, 22:00:00.40]
[Thu 05/17/2018, 22:15:00.19]
[Thu 05/17/2018, 22:30:00.36]
[Thu 05/17/2018, 22:45:00.28]
[Thu 05/17/2018, 23:00:00.33]
[Thu 05/17/2018, 23:15:00.18]
[Thu 05/17/2018, 23:30:00.33]
[Thu 05/17/2018, 23:45:00.19]
[Fri 05/18/2018,  0:00:00.33]
[Fri 05/18/2018,  0:15:00.19]
[Fri 05/18/2018,  0:30:00.33]
[Fri 05/18/2018,  0:45:00.18]
[Fri 05/18/2018,  1:00:00.33]
[Fri 05/18/2018,  1:15:00.19]
[Fri 05/18/2018,  1:30:00.33]
[Fri 05/18/2018,  1:45:00.19]
[Fri 05/18/2018,  2:00:00.33]
[Fri 05/18/2018,  2:15:00.19]
[Fri 05/18/2018,  2:30:00.33]
[Fri 05/18/2018,  2:45:00.19]
[Fri 05/18/2018,  3:00:00.33]
[Fri 05/18/2018,  3:15:00.19]
[Fri 05/18/2018,  3:30:00.33]
[Fri 05/18/2018,  3:45:00.21]
[Fri 05/18/2018,  4:00:00.35]
[Fri 05/18/2018,  4:15:14.61]
[Fri 05/18/2018,  4:31:14.81]
[Fri 05/18/2018,  4:47:25.80]
[Fri 05/18/2018,  5:00:00.48]
[Fri 05/18/2018,  5:15:00.24]
[Fri 05/18/2018,  5:30:00.35]
[Fri 05/18/2018,  5:45:00.22]
[Fri 05/18/2018,  6:00:00.40]
[Fri 05/18/2018,  6:15:00.19]
[Fri 05/18/2018,  6:30:00.39]
[Fri 05/18/2018,  6:45:00.27]
[Fri 05/18/2018,  7:00:00.39]
[Fri 05/18/2018,  7:15:00.21]
[Fri 05/18/2018,  7:30:00.38]
[Fri 05/18/2018,  7:45:00.22]
[Fri 05/18/2018,  8:00:00.38]
[Fri 05/18/2018,  8:15:00.22]
[Fri 05/18/2018,  8:30:00.36]
[Fri 05/18/2018,  8:45:00.28]
[Fri 05/18/2018,  9:00:00.38]
[Fri 05/18/2018,  9:15:00.26]
[Fri 05/18/2018,  9:30:00.34]
[Fri 05/18/2018,  9:45:00.25]
[Fri 05/18/2018, 10:00:00.39]
[Fri 05/18/2018, 10:15:00.20]
[Fri 05/18/2018, 10:30:00.37]
[Fri 05/18/2018, 10:45:00.19]
[Fri 05/18/2018, 11:00:00.34]
[Fri 05/18/2018, 11:15:00.30]
[Fri 05/18/2018, 11:30:00.39]
[Fri 05/18/2018, 11:45:00.19]
[Fri 05/18/2018, 12:00:00.39]
[Fri 05/18/2018, 12:15:00.19]
[Fri 05/18/2018, 12:30:00.43]
[Fri 05/18/2018, 12:45:00.21]
[Fri 05/18/2018, 13:00:00.34]
[Fri 05/18/2018, 13:15:00.20]
[Fri 05/18/2018, 13:30:00.42]
[Fri 05/18/2018, 13:45:00.19]
[Fri 05/18/2018, 14:00:00.38]
[Fri 05/18/2018, 14:15:00.23]
[Fri 05/18/2018, 14:30:00.37]
[Fri 05/18/2018, 14:45:00.21]
[Fri 05/18/2018, 15:00:00.38]
[Fri 05/18/2018, 15:15:00.22]
[Fri 05/18/2018, 15:30:00.37]
[Fri 05/18/2018, 15:45:00.20]
[Fri 05/18/2018, 16:00:00.37]
[Fri 05/18/2018, 16:15:00.26]
[Fri 05/18/2018, 16:30:00.35]
[Fri 05/18/2018, 16:45:00.21]
[Fri 05/18/2018, 17:00:00.41]
[Fri 05/18/2018, 17:15:00.21]
[Fri 05/18/2018, 17:30:00.50]
[Fri 05/18/2018, 17:45:00.26]
[Fri 05/18/2018, 18:00:00.44]
[Fri 05/18/2018, 18:15:00.22]
[Fri 05/18/2018, 18:30:00.42]
[Fri 05/18/2018, 18:45:00.31]
[Fri 05/18/2018, 19:00:00.40]
[Fri 05/18/2018, 19:15:00.23]
[Fri 05/18/2018, 19:30:00.43]
[Fri 05/18/2018, 19:45:00.23]
[Fri 05/18/2018, 20:00:00.48]
[Fri 05/18/2018, 20:15:00.25]
[Fri 05/18/2018, 20:45:00.20]
[Fri 05/18/2018, 21:15:00.22]
[Fri 05/18/2018, 21:30:00.36]
[Fri 05/18/2018, 21:45:00.26]
[Fri 05/18/2018, 22:00:00.37]
[Fri 05/18/2018, 22:15:00.21]
[Fri 05/18/2018, 22:30:00.36]
[Fri 05/18/2018, 22:45:00.23]
[Fri 05/18/2018, 23:00:00.38]
[Fri 05/18/2018, 23:15:00.20]
[Fri 05/18/2018, 23:30:00.53]
[Fri 05/18/2018, 23:45:00.41]
[Sat 05/19/2018,  0:00:00.40]
[Sat 05/19/2018,  0:15:00.20]
[Sat 05/19/2018,  0:30:00.36]
[Sat 05/19/2018,  0:45:00.20]
[Sat 05/19/2018,  1:00:00.37]
[Sat 05/19/2018,  1:15:00.23]
[Sat 05/19/2018,  1:30:00.35]
[Sat 05/19/2018,  1:45:00.22]
[Sat 05/19/2018,  2:00:00.38]
[Sat 05/19/2018,  2:15:00.23]
[Sat 05/19/2018,  2:30:00.38]
[Sat 05/19/2018,  3:00:00.35]
[Sat 05/19/2018,  3:15:00.25]
[Sat 05/19/2018,  3:30:00.36]
[Sat 05/19/2018,  3:45:00.22]
[Sat 05/19/2018,  4:00:00.40]
[Sat 05/19/2018,  4:15:00.26]
[Sat 05/19/2018,  4:30:00.40]
[Sat 05/19/2018,  4:45:00.23]
[Sat 05/19/2018,  5:15:00.21]
[Sat 05/19/2018,  5:30:00.39]
[Sat 05/19/2018,  5:45:00.22]
[Sat 05/19/2018,  6:00:00.39]
[Sat 05/19/2018,  6:15:00.23]
[Sat 05/19/2018,  6:30:00.40]
[Sat 05/19/2018,  6:45:00.21]
[Sat 05/19/2018,  7:00:00.38]
[Sat 05/19/2018,  7:15:00.21]
[Sat 05/19/2018,  7:30:00.41]
[Sat 05/19/2018,  7:45:00.30]
[Sat 05/19/2018,  8:00:00.43]
[Sat 05/19/2018,  8:15:00.23]
[Sat 05/19/2018,  8:30:00.40]
[Sat 05/19/2018,  8:45:00.21]
[Sat 05/19/2018,  9:00:00.37]
[Sat 05/19/2018,  9:15:00.21]
[Sat 05/19/2018,  9:30:00.38]
[Sat 05/19/2018,  9:45:00.21]
[Sat 05/19/2018, 10:00:00.37]
[Sat 05/19/2018, 10:15:00.22]
[Sat 05/19/2018, 10:30:00.38]
[Sat 05/19/2018, 10:45:00.23]
[Sat 05/19/2018, 11:00:00.38]
[Sat 05/19/2018, 11:15:00.21]
[Sat 05/19/2018, 11:30:00.37]
[Sat 05/19/2018, 11:45:00.20]
[Sat 05/19/2018, 12:00:00.38]
[Sat 05/19/2018, 12:15:00.22]
[Sat 05/19/2018, 12:30:00.42]
[Sat 05/19/2018, 12:45:00.21]
[Sat 05/19/2018, 13:00:00.41]
[Sat 05/19/2018, 13:15:00.26]
[Sat 05/19/2018, 13:30:00.38]
[Sat 05/19/2018, 13:45:00.21]
[Sat 05/19/2018, 14:00:00.38]
[Sat 05/19/2018, 14:15:00.27]
[Sat 05/19/2018, 14:30:00.41]
[Sat 05/19/2018, 14:45:00.26]
[Sat 05/19/2018, 15:00:00.49]
[Sat 05/19/2018, 15:15:00.21]
[Sat 05/19/2018, 15:30:00.45]
[Sat 05/19/2018, 15:45:00.22]
[Sat 05/19/2018, 16:00:00.36]
[Sat 05/19/2018, 16:15:00.22]
[Sat 05/19/2018, 16:30:00.39]
[Sat 05/19/2018, 16:45:00.25]
[Sat 05/19/2018, 17:00:00.41]
[Sat 05/19/2018, 17:15:00.23]
[Sat 05/19/2018, 17:30:00.37]
[Sat 05/19/2018, 17:45:00.21]
[Sat 05/19/2018, 18:00:00.38]
[Sat 05/19/2018, 18:15:00.26]
[Sat 05/19/2018, 18:30:00.37]
[Sat 05/19/2018, 18:45:00.25]
[Sat 05/19/2018, 19:00:00.37]
[Sat 05/19/2018, 19:15:00.22]
[Sat 05/19/2018, 19:30:00.40]
[Sat 05/19/2018, 19:45:00.21]
[Sat 05/19/2018, 20:00:00.37]
[Sat 05/19/2018, 20:15:00.26]
[Sat 05/19/2018, 20:30:00.37]
[Sat 05/19/2018, 20:45:00.22]
[Sat 05/19/2018, 21:00:00.37]
[Sat 05/19/2018, 21:15:00.21]
[Sat 05/19/2018, 21:30:00.37]
[Sat 05/19/2018, 21:45:00.22]
[Sat 05/19/2018, 22:00:00.37]
[Sat 05/19/2018, 22:15:00.26]
[Sat 05/19/2018, 22:30:00.37]
[Sat 05/19/2018, 22:45:00.23]
[Sat 05/19/2018, 23:00:00.38]
[Sat 05/19/2018, 23:15:00.21]
[Sat 05/19/2018, 23:30:00.38]
[Sat 05/19/2018, 23:45:00.26]
[Sun 05/20/2018,  0:15:00.23]
[Sun 05/20/2018,  0:30:00.38]
[Sun 05/20/2018,  0:45:00.22]
[Sun 05/20/2018,  1:00:00.38]
[Sun 05/20/2018,  1:15:00.25]
[Sun 05/20/2018,  1:30:00.39]
[Sun 05/20/2018,  1:45:00.22]
[Sun 05/20/2018,  2:00:00.39]
[Sun 05/20/2018,  2:15:00.22]
[Sun 05/20/2018,  2:30:00.36]
[Sun 05/20/2018,  2:45:00.24]
[Sun 05/20/2018,  3:00:00.37]
[Sun 05/20/2018,  3:15:00.22]
[Sun 05/20/2018,  3:30:00.36]
[Sun 05/20/2018,  3:45:01.07]
[Sun 05/20/2018,  4:00:00.37]
[Sun 05/20/2018,  4:15:00.22]
[Sun 05/20/2018,  4:30:00.44]
[Sun 05/20/2018,  4:45:00.22]
[Sun 05/20/2018,  5:00:00.37]
[Sun 05/20/2018,  5:15:00.23]
[Sun 05/20/2018,  5:30:00.40]
[Sun 05/20/2018,  5:45:00.23]
[Sun 05/20/2018,  6:00:00.40]
[Sun 05/20/2018,  6:15:00.22]
[Sun 05/20/2018,  6:30:00.37]
[Sun 05/20/2018,  6:45:00.22]
[Sun 05/20/2018,  7:00:00.39]
[Sun 05/20/2018,  7:15:00.22]
[Sun 05/20/2018,  7:30:00.40]
[Sun 05/20/2018,  7:45:00.22]
[Sun 05/20/2018,  8:00:00.38]
[Sun 05/20/2018,  8:15:00.22]
[Sun 05/20/2018,  8:30:00.40]
[Sun 05/20/2018,  8:45:00.22]
[Sun 05/20/2018,  9:00:00.37]
[Sun 05/20/2018,  9:15:00.22]
[Sun 05/20/2018,  9:30:00.38]
[Sun 05/20/2018,  9:45:00.22]
[Sun 05/20/2018, 10:00:00.40]
[Sun 05/20/2018, 10:15:00.23]
[Sun 05/20/2018, 10:30:00.37]
[Sun 05/20/2018, 10:45:00.23]
[Sun 05/20/2018, 11:00:00.38]
[Sun 05/20/2018, 11:15:00.22]
[Sun 05/20/2018, 11:30:00.38]
[Sun 05/20/2018, 11:45:00.24]
[Sun 05/20/2018, 12:00:00.38]
[Sun 05/20/2018, 12:15:00.22]
[Sun 05/20/2018, 12:30:00.38]
[Sun 05/20/2018, 12:45:00.24]
[Sun 05/20/2018, 13:00:00.38]
[Sun 05/20/2018, 13:15:00.23]
[Sun 05/20/2018, 13:30:00.38]
[Sun 05/20/2018, 13:45:00.22]
[Sun 05/20/2018, 14:00:00.38]
[Sun 05/20/2018, 14:15:00.23]
[Sun 05/20/2018, 14:30:00.38]
[Sun 05/20/2018, 14:45:00.23]
[Sun 05/20/2018, 15:00:00.44]
[Sun 05/20/2018, 15:15:00.26]
[Sun 05/20/2018, 15:30:00.42]
[Sun 05/20/2018, 15:45:00.26]
[Sun 05/20/2018, 16:00:00.38]
[Sun 05/20/2018, 16:15:00.34]
[Sun 05/20/2018, 16:30:00.41]
[Sun 05/20/2018, 16:45:00.29]
[Sun 05/20/2018, 17:00:00.43]
[Sun 05/20/2018, 17:15:00.23]
[Sun 05/20/2018, 17:30:00.45]
[Sun 05/20/2018, 17:45:00.24]
[Sun 05/20/2018, 18:00:00.40]
[Sun 05/20/2018, 18:15:00.26]
[Sun 05/20/2018, 18:30:00.44]
[Sun 05/20/2018, 18:45:00.27]
[Sun 05/20/2018, 19:00:00.44]
[Sun 05/20/2018, 19:15:00.27]
[Sun 05/20/2018, 19:30:00.43]
[Sun 05/20/2018, 19:45:00.24]
[Sun 05/20/2018, 20:00:00.40]
[Sun 05/20/2018, 20:15:00.26]
[Sun 05/20/2018, 20:30:00.40]
[Sun 05/20/2018, 20:45:00.26]
[Sun 05/20/2018, 21:00:00.39]
[Sun 05/20/2018, 21:15:00.27]
[Sun 05/20/2018, 21:30:00.53]
[Sun 05/20/2018, 21:45:00.24]
[Sun 05/20/2018, 22:00:00.42]
[Sun 05/20/2018, 22:15:00.26]
[Sun 05/20/2018, 22:30:00.39]
[Sun 05/20/2018, 22:45:00.27]
[Sun 05/20/2018, 23:00:00.93]
[Sun 05/20/2018, 23:15:00.22]
[Sun 05/20/2018, 23:30:00.42]
[Sun 05/20/2018, 23:45:00.23]
[Mon 05/21/2018,  0:00:00.39]
[Mon 05/21/2018,  0:15:00.24]
[Mon 05/21/2018,  0:45:00.33]
[Mon 05/21/2018,  1:00:00.39]
[Mon 05/21/2018,  1:15:00.23]
[Mon 05/21/2018,  1:30:00.39]
[Mon 05/21/2018,  2:00:00.40]
[Mon 05/21/2018,  2:15:00.24]
[Mon 05/21/2018,  2:30:00.74]
[Mon 05/21/2018,  2:45:00.23]
[Mon 05/21/2018,  3:00:00.39]
[Mon 05/21/2018,  3:15:00.25]
[Mon 05/21/2018,  3:30:00.41]
[Mon 05/21/2018,  3:45:00.23]
[Mon 05/21/2018,  4:00:00.42]
[Mon 05/21/2018,  4:15:00.24]
[Mon 05/21/2018,  4:30:00.41]
[Mon 05/21/2018,  4:45:00.24]
[Mon 05/21/2018,  5:00:00.43]
[Mon 05/21/2018,  5:15:00.24]
[Mon 05/21/2018,  5:30:00.42]
C:\Users\Mike\AppData\Local\Temp\tmpuqkaih5y.BMP
[Mon 05/21/2018,  5:45:00.32]
[Mon 05/21/2018,  6:00:00.43]
[Mon 05/21/2018,  6:15:00.23]
[Mon 05/21/2018,  6:30:00.43]
[Mon 05/21/2018,  6:45:00.26]
[Mon 05/21/2018,  7:00:00.42]
[Mon 05/21/2018,  7:15:00.29]
[Mon 05/21/2018,  7:30:00.40]
[Mon 05/21/2018,  7:45:00.27]
[Mon 05/21/2018,  8:00:00.42]
[Mon 05/21/2018,  8:15:00.25]
[Mon 05/21/2018,  8:30:00.43]
[Mon 05/21/2018,  8:45:00.24]
[Mon 05/21/2018,  9:00:00.45]
[Mon 05/21/2018,  9:15:00.23]
[Mon 05/21/2018,  9:30:00.39]
[Mon 05/21/2018,  9:45:00.23]
[Mon 05/21/2018, 10:00:00.44]
[Mon 05/21/2018, 10:15:00.26]
[Mon 05/21/2018, 10:30:00.43]
[Mon 05/21/2018, 10:45:00.27]
[Mon 05/21/2018, 11:00:00.46]
C:\Users\Mike\AppData\Local\Temp\tmps5lo662_.BMP
[Mon 05/21/2018, 11:15:00.25]
[Mon 05/21/2018, 11:30:00.45]
[Mon 05/21/2018, 11:45:00.27]
[Mon 05/21/2018, 12:00:00.42]
[Mon 05/21/2018, 12:15:00.31]
[Mon 05/21/2018, 12:30:00.41]
[Mon 05/21/2018, 12:45:00.29]
[Mon 05/21/2018, 13:00:00.39]
[Mon 05/21/2018, 13:15:00.23]
[Mon 05/21/2018, 13:30:00.40]
[Mon 05/21/2018, 13:45:00.23]
[Mon 05/21/2018, 14:00:00.40]
[Mon 05/21/2018, 14:15:00.23]
[Mon 05/21/2018, 14:30:00.39]
[Mon 05/21/2018, 14:45:00.23]
[Mon 05/21/2018, 15:00:00.40]
[Mon 05/21/2018, 15:15:00.23]
[Mon 05/21/2018, 15:30:00.39]
[Mon 05/21/2018, 15:45:00.24]
[Mon 05/21/2018, 16:00:00.40]
[Mon 05/21/2018, 16:15:00.23]
[Mon 05/21/2018, 16:30:00.40]
[Mon 05/21/2018, 16:45:00.24]
[Mon 05/21/2018, 17:00:00.40]
[Mon 05/21/2018, 17:15:00.31]
[Mon 05/21/2018, 17:30:00.42]
[Mon 05/21/2018, 17:45:00.29]
[Mon 05/21/2018, 18:00:00.46]
[Mon 05/21/2018, 18:15:00.25]
[Mon 05/21/2018, 18:30:00.50]
[Mon 05/21/2018, 18:45:00.29]
[Mon 05/21/2018, 19:00:00.46]
[Mon 05/21/2018, 19:15:00.29]
[Mon 05/21/2018, 19:30:00.55]
[Mon 05/21/2018, 19:45:11.96]
[Mon 05/21/2018, 20:00:23.70]
[Mon 05/21/2018, 20:15:14.24]
[Mon 05/21/2018, 20:30:06.75]
[Mon 05/21/2018, 20:45:00.84]
[Mon 05/21/2018, 21:00:00.46]
[Mon 05/21/2018, 21:15:00.31]
[Mon 05/21/2018, 21:30:00.53]
[Mon 05/21/2018, 21:45:00.27]
[Mon 05/21/2018, 22:00:00.52]
[Mon 05/21/2018, 22:15:00.32]
[Mon 05/21/2018, 22:30:00.46]
[Mon 05/21/2018, 22:45:00.28]
[Mon 05/21/2018, 23:00:00.44]
[Mon 05/21/2018, 23:15:00.31]
[Mon 05/21/2018, 23:30:00.52]
[Mon 05/21/2018, 23:45:00.29]
[Tue 05/22/2018,  0:00:00.42]
[Tue 05/22/2018,  0:15:00.32]
[Tue 05/22/2018,  0:30:00.57]
[Tue 05/22/2018,  0:45:00.27]
[Tue 05/22/2018,  1:00:00.46]
[Tue 05/22/2018,  1:15:00.34]
C:\Users\Mike\AppData\Local\Temp\tmpzt86s5xj.BMP
[Tue 05/22/2018,  1:30:04.21]
[Tue 05/22/2018,  1:45:00.25]
[Tue 05/22/2018,  2:00:00.40]
[Tue 05/22/2018,  2:15:00.24]
[Tue 05/22/2018,  2:30:00.47]
[Tue 05/22/2018,  2:45:00.32]
[Tue 05/22/2018,  3:00:00.50]
[Tue 05/22/2018,  3:15:00.28]
[Tue 05/22/2018,  3:30:00.50]
[Tue 05/22/2018,  3:45:00.27]
[Tue 05/22/2018,  4:00:00.44]
[Tue 05/22/2018,  4:15:00.30]
[Tue 05/22/2018,  4:30:00.51]
[Tue 05/22/2018,  4:45:00.27]
[Tue 05/22/2018,  5:00:00.46]
[Tue 05/22/2018,  5:15:00.32]
[Tue 05/22/2018,  5:30:00.46]
C:\Users\Mike\AppData\Local\Temp\tmpdaa81esz.BMP
[Tue 05/22/2018,  5:45:00.31]
C:\Users\Mike\AppData\Local\Temp\tmp7zqqqmo5.BMP
[Tue 05/22/2018,  6:00:00.48]
[Tue 05/22/2018,  6:15:00.27]
